build/app/intermediates/manifest_merge_blame_file/release/manifest-merger-blame-release-report.txt
1<?xml version="1.0" encoding="utf-8"?>
2<manifest xmlns:android="http://schemas.android.com/apk/res/android"
3    package="com.example.divmeds"
4    android:versionCode="1"
5    android:versionName="1.0.0" >
6
7    <uses-sdk
8        android:minSdkVersion="21"
8-->src/main/AndroidManifest.xml
9        android:targetSdkVersion="34" />
9-->src/main/AndroidManifest.xml
10
11    <uses-permission android:name="android.permission.INTERNET" />
11-->src/main/AndroidManifest.xml:2:5-66
11-->src/main/AndroidManifest.xml:2:22-64
12    <uses-permission android:name="android.permission.READ_EXTERNAL_STORAGE" />
12-->src/main/AndroidManifest.xml:3:5-79
12-->src/main/AndroidManifest.xml:3:22-77
13    <uses-permission android:name="android.permission.WRITE_EXTERNAL_STORAGE" />
13-->src/main/AndroidManifest.xml:4:5-80
13-->src/main/AndroidManifest.xml:4:22-78
14    <uses-permission android:name="android.permission.CAMERA" />
14-->src/main/AndroidManifest.xml:5:5-64
14-->src/main/AndroidManifest.xml:5:22-62
15
16    <!--
17         Required to query activities that can process text, see:
18         https://developer.android.com/training/package-visibility?hl=en and
19         https://developer.android.com/reference/android/content/Intent#ACTION_PROCESS_TEXT.
20
21         In particular, this is used by the Flutter engine in io.flutter.plugin.text.ProcessTextPlugin.
22    -->
23    <queries>
23-->src/main/AndroidManifest.xml:53:5-81:15
24        <intent>
24-->src/main/AndroidManifest.xml:54:9-57:18
25            <action android:name="android.intent.action.PROCESS_TEXT" />
25-->src/main/AndroidManifest.xml:55:13-72
25-->src/main/AndroidManifest.xml:55:21-70
26
27            <data android:mimeType="text/plain" />
27-->src/main/AndroidManifest.xml:56:13-50
27-->src/main/AndroidManifest.xml:56:19-48
28        </intent>
29        <!-- If your app checks for SMS support -->
30        <intent>
30-->src/main/AndroidManifest.xml:59:9-62:18
31            <action android:name="android.intent.action.VIEW" />
31-->src/main/AndroidManifest.xml:60:13-65
31-->src/main/AndroidManifest.xml:60:21-62
32
33            <data android:scheme="sms" />
33-->src/main/AndroidManifest.xml:56:13-50
33-->src/main/AndroidManifest.xml:61:19-39
34        </intent>
35        <!-- If your app checks for call support -->
36        <intent>
36-->src/main/AndroidManifest.xml:64:9-67:18
37            <action android:name="android.intent.action.VIEW" />
37-->src/main/AndroidManifest.xml:60:13-65
37-->src/main/AndroidManifest.xml:60:21-62
38
39            <data android:scheme="tel" />
39-->src/main/AndroidManifest.xml:56:13-50
39-->src/main/AndroidManifest.xml:61:19-39
40        </intent>
41        <!-- If your app checks for HTTP and HTTPS support -->
42        <intent>
42-->src/main/AndroidManifest.xml:69:9-72:18
43            <action android:name="android.intent.action.VIEW" />
43-->src/main/AndroidManifest.xml:60:13-65
43-->src/main/AndroidManifest.xml:60:21-62
44
45            <data android:scheme="http" />
45-->src/main/AndroidManifest.xml:56:13-50
45-->src/main/AndroidManifest.xml:61:19-39
46        </intent>
47        <intent>
47-->src/main/AndroidManifest.xml:73:9-76:18
48            <action android:name="android.intent.action.VIEW" />
48-->src/main/AndroidManifest.xml:60:13-65
48-->src/main/AndroidManifest.xml:60:21-62
49
50            <data android:scheme="https" />
50-->src/main/AndroidManifest.xml:56:13-50
50-->src/main/AndroidManifest.xml:61:19-39
51        </intent>
52        <!-- If your application checks for inAppBrowserView launch mode support -->
53        <intent>
53-->src/main/AndroidManifest.xml:78:9-80:18
54            <action android:name="android.support.customtabs.action.CustomTabsService" />
54-->src/main/AndroidManifest.xml:79:13-90
54-->src/main/AndroidManifest.xml:79:21-87
55        </intent>
56    </queries>
57
58    <uses-permission android:name="android.permission.ACCESS_NETWORK_STATE" />
58-->[androidx.media3:media3-common:1.4.0] AndroidManifest.xml:22:5-79
58-->[androidx.media3:media3-common:1.4.0] AndroidManifest.xml:22:22-76
59
60    <permission
60-->[androidx.core:core:1.13.1] AndroidManifest.xml:22:5-24:47
61        android:name="com.example.divmeds.DYNAMIC_RECEIVER_NOT_EXPORTED_PERMISSION"
61-->[androidx.core:core:1.13.1] AndroidManifest.xml:23:9-81
62        android:protectionLevel="signature" />
62-->[androidx.core:core:1.13.1] AndroidManifest.xml:24:9-44
63
64    <uses-permission android:name="com.example.divmeds.DYNAMIC_RECEIVER_NOT_EXPORTED_PERMISSION" />
64-->[androidx.core:core:1.13.1] AndroidManifest.xml:26:5-97
64-->[androidx.core:core:1.13.1] AndroidManifest.xml:26:22-94
65
66    <application
67        android:name="android.app.Application"
67-->src/main/AndroidManifest.xml:9:9-42
68        android:appComponentFactory="androidx.core.app.CoreComponentFactory"
68-->[androidx.core:core:1.13.1] AndroidManifest.xml:28:18-86
69        android:icon="@mipmap/launcher_icon"
69-->src/main/AndroidManifest.xml:10:9-45
70        android:label="DivMeds Demo" >
70-->src/main/AndroidManifest.xml:8:9-37
71        <activity
71-->src/main/AndroidManifest.xml:11:9-33:20
72            android:name="com.example.divmeds.MainActivity"
72-->src/main/AndroidManifest.xml:12:13-41
73            android:configChanges="orientation|keyboardHidden|keyboard|screenSize|smallestScreenSize|locale|layoutDirection|fontScale|screenLayout|density|uiMode"
73-->src/main/AndroidManifest.xml:16:13-163
74            android:enableOnBackInvokedCallback="true"
74-->src/main/AndroidManifest.xml:19:13-55
75            android:exported="true"
75-->src/main/AndroidManifest.xml:13:13-36
76            android:hardwareAccelerated="true"
76-->src/main/AndroidManifest.xml:17:13-47
77            android:launchMode="singleTop"
77-->src/main/AndroidManifest.xml:14:13-43
78            android:theme="@style/LaunchTheme"
78-->src/main/AndroidManifest.xml:15:13-47
79            android:windowSoftInputMode="adjustResize" >
79-->src/main/AndroidManifest.xml:18:13-55
80
81            <!--
82                 Specifies an Android theme to apply to this Activity as soon as
83                 the Android process has started. This theme is visible to the user
84                 while the Flutter UI initializes. After that, this theme continues
85                 to determine the Window background behind the Flutter UI.
86            -->
87            <meta-data
87-->src/main/AndroidManifest.xml:25:13-28:17
88                android:name="io.flutter.embedding.android.NormalTheme"
88-->src/main/AndroidManifest.xml:26:15-70
89                android:resource="@style/NormalTheme" />
89-->src/main/AndroidManifest.xml:27:15-52
90
91            <intent-filter>
91-->src/main/AndroidManifest.xml:29:13-32:29
92                <action android:name="android.intent.action.MAIN" />
92-->src/main/AndroidManifest.xml:30:17-68
92-->src/main/AndroidManifest.xml:30:25-66
93
94                <category android:name="android.intent.category.LAUNCHER" />
94-->src/main/AndroidManifest.xml:31:17-76
94-->src/main/AndroidManifest.xml:31:27-74
95            </intent-filter>
96        </activity>
97
98        <!-- Activity required for ImageCropper -->
99        <activity
99-->src/main/AndroidManifest.xml:36:9-39:71
100            android:name="com.yalantis.ucrop.UCropActivity"
100-->src/main/AndroidManifest.xml:37:13-60
101            android:screenOrientation="portrait"
101-->src/main/AndroidManifest.xml:38:13-49
102            android:theme="@style/Theme.AppCompat.Light.NoActionBar" />
102-->src/main/AndroidManifest.xml:39:13-69
103
104        <!--
105             Don't delete the meta-data below.
106             This is used by the Flutter tool to generate GeneratedPluginRegistrant.java
107        -->
108        <meta-data
108-->src/main/AndroidManifest.xml:43:9-45:33
109            android:name="flutterEmbedding"
109-->src/main/AndroidManifest.xml:44:13-44
110            android:value="2" />
110-->src/main/AndroidManifest.xml:45:13-30
111
112        <provider
112-->[:image_picker_android] AndroidManifest.xml:11:9-19:20
113            android:name="io.flutter.plugins.imagepicker.ImagePickerFileProvider"
113-->[:image_picker_android] AndroidManifest.xml:12:13-82
114            android:authorities="com.example.divmeds.flutter.image_provider"
114-->[:image_picker_android] AndroidManifest.xml:13:13-74
115            android:exported="false"
115-->[:image_picker_android] AndroidManifest.xml:14:13-37
116            android:grantUriPermissions="true" >
116-->[:image_picker_android] AndroidManifest.xml:15:13-47
117            <meta-data
117-->[:image_picker_android] AndroidManifest.xml:16:13-18:75
118                android:name="android.support.FILE_PROVIDER_PATHS"
118-->[:image_picker_android] AndroidManifest.xml:17:17-67
119                android:resource="@xml/flutter_image_picker_file_paths" />
119-->[:image_picker_android] AndroidManifest.xml:18:17-72
120        </provider> <!-- Trigger Google Play services to install the backported photo picker module. -->
121        <service
121-->[:image_picker_android] AndroidManifest.xml:21:9-33:19
122            android:name="com.google.android.gms.metadata.ModuleDependencies"
122-->[:image_picker_android] AndroidManifest.xml:22:13-78
123            android:enabled="false"
123-->[:image_picker_android] AndroidManifest.xml:23:13-36
124            android:exported="false" >
124-->[:image_picker_android] AndroidManifest.xml:24:13-37
125            <intent-filter>
125-->[:image_picker_android] AndroidManifest.xml:26:13-28:29
126                <action android:name="com.google.android.gms.metadata.MODULE_DEPENDENCIES" />
126-->[:image_picker_android] AndroidManifest.xml:27:17-94
126-->[:image_picker_android] AndroidManifest.xml:27:25-91
127            </intent-filter>
128
129            <meta-data
129-->[:image_picker_android] AndroidManifest.xml:30:13-32:36
130                android:name="photopicker_activity:0:required"
130-->[:image_picker_android] AndroidManifest.xml:31:17-63
131                android:value="" />
131-->[:image_picker_android] AndroidManifest.xml:32:17-33
132        </service>
133        <!--
134           Declares a provider which allows us to store files to share in
135           '.../caches/share_plus' and grant the receiving action access
136        -->
137        <provider
137-->[:share_plus] AndroidManifest.xml:15:9-23:20
138            android:name="dev.fluttercommunity.plus.share.ShareFileProvider"
138-->[:share_plus] AndroidManifest.xml:16:13-77
139            android:authorities="com.example.divmeds.flutter.share_provider"
139-->[:share_plus] AndroidManifest.xml:17:13-74
140            android:exported="false"
140-->[:share_plus] AndroidManifest.xml:18:13-37
141            android:grantUriPermissions="true" >
141-->[:share_plus] AndroidManifest.xml:19:13-47
142            <meta-data
142-->[:image_picker_android] AndroidManifest.xml:16:13-18:75
143                android:name="android.support.FILE_PROVIDER_PATHS"
143-->[:image_picker_android] AndroidManifest.xml:17:17-67
144                android:resource="@xml/flutter_share_file_paths" />
144-->[:image_picker_android] AndroidManifest.xml:18:17-72
145        </provider>
146        <!--
147           This manifest declared broadcast receiver allows us to use an explicit
148           Intent when creating a PendingItent to be informed of the user's choice
149        -->
150        <receiver
150-->[:share_plus] AndroidManifest.xml:28:9-34:20
151            android:name="dev.fluttercommunity.plus.share.SharePlusPendingIntent"
151-->[:share_plus] AndroidManifest.xml:29:13-82
152            android:exported="false" >
152-->[:share_plus] AndroidManifest.xml:30:13-37
153            <intent-filter>
153-->[:share_plus] AndroidManifest.xml:31:13-33:29
154                <action android:name="EXTRA_CHOSEN_COMPONENT" />
154-->[:share_plus] AndroidManifest.xml:32:17-65
154-->[:share_plus] AndroidManifest.xml:32:25-62
155            </intent-filter>
156        </receiver>
157
158        <activity
158-->[:url_launcher_android] AndroidManifest.xml:10:9-13:74
159            android:name="io.flutter.plugins.urllauncher.WebViewActivity"
159-->[:url_launcher_android] AndroidManifest.xml:11:13-74
160            android:exported="false"
160-->[:url_launcher_android] AndroidManifest.xml:12:13-37
161            android:theme="@android:style/Theme.NoTitleBar.Fullscreen" />
161-->[:url_launcher_android] AndroidManifest.xml:13:13-71
162
163        <uses-library
163-->[androidx.window:window:1.2.0] AndroidManifest.xml:23:9-25:40
164            android:name="androidx.window.extensions"
164-->[androidx.window:window:1.2.0] AndroidManifest.xml:24:13-54
165            android:required="false" />
165-->[androidx.window:window:1.2.0] AndroidManifest.xml:25:13-37
166        <uses-library
166-->[androidx.window:window:1.2.0] AndroidManifest.xml:26:9-28:40
167            android:name="androidx.window.sidecar"
167-->[androidx.window:window:1.2.0] AndroidManifest.xml:27:13-51
168            android:required="false" />
168-->[androidx.window:window:1.2.0] AndroidManifest.xml:28:13-37
169
170        <provider
170-->[androidx.emoji2:emoji2:1.2.0] AndroidManifest.xml:24:9-32:20
171            android:name="androidx.startup.InitializationProvider"
171-->[androidx.emoji2:emoji2:1.2.0] AndroidManifest.xml:25:13-67
172            android:authorities="com.example.divmeds.androidx-startup"
172-->[androidx.emoji2:emoji2:1.2.0] AndroidManifest.xml:26:13-68
173            android:exported="false" >
173-->[androidx.emoji2:emoji2:1.2.0] AndroidManifest.xml:27:13-37
174            <meta-data
174-->[androidx.emoji2:emoji2:1.2.0] AndroidManifest.xml:29:13-31:52
175                android:name="androidx.emoji2.text.EmojiCompatInitializer"
175-->[androidx.emoji2:emoji2:1.2.0] AndroidManifest.xml:30:17-75
176                android:value="androidx.startup" />
176-->[androidx.emoji2:emoji2:1.2.0] AndroidManifest.xml:31:17-49
177            <meta-data
177-->[androidx.lifecycle:lifecycle-process:2.7.0] AndroidManifest.xml:29:13-31:52
178                android:name="androidx.lifecycle.ProcessLifecycleInitializer"
178-->[androidx.lifecycle:lifecycle-process:2.7.0] AndroidManifest.xml:30:17-78
179                android:value="androidx.startup" />
179-->[androidx.lifecycle:lifecycle-process:2.7.0] AndroidManifest.xml:31:17-49
180            <meta-data
180-->[androidx.profileinstaller:profileinstaller:1.3.1] AndroidManifest.xml:29:13-31:52
181                android:name="androidx.profileinstaller.ProfileInstallerInitializer"
181-->[androidx.profileinstaller:profileinstaller:1.3.1] AndroidManifest.xml:30:17-85
182                android:value="androidx.startup" />
182-->[androidx.profileinstaller:profileinstaller:1.3.1] AndroidManifest.xml:31:17-49
183        </provider>
184
185        <receiver
185-->[androidx.profileinstaller:profileinstaller:1.3.1] AndroidManifest.xml:34:9-52:20
186            android:name="androidx.profileinstaller.ProfileInstallReceiver"
186-->[androidx.profileinstaller:profileinstaller:1.3.1] AndroidManifest.xml:35:13-76
187            android:directBootAware="false"
187-->[androidx.profileinstaller:profileinstaller:1.3.1] AndroidManifest.xml:36:13-44
188            android:enabled="true"
188-->[androidx.profileinstaller:profileinstaller:1.3.1] AndroidManifest.xml:37:13-35
189            android:exported="true"
189-->[androidx.profileinstaller:profileinstaller:1.3.1] AndroidManifest.xml:38:13-36
190            android:permission="android.permission.DUMP" >
190-->[androidx.profileinstaller:profileinstaller:1.3.1] AndroidManifest.xml:39:13-57
191            <intent-filter>
191-->[androidx.profileinstaller:profileinstaller:1.3.1] AndroidManifest.xml:40:13-42:29
192                <action android:name="androidx.profileinstaller.action.INSTALL_PROFILE" />
192-->[androidx.profileinstaller:profileinstaller:1.3.1] AndroidManifest.xml:41:17-91
192-->[androidx.profileinstaller:profileinstaller:1.3.1] AndroidManifest.xml:41:25-88
193            </intent-filter>
194            <intent-filter>
194-->[androidx.profileinstaller:profileinstaller:1.3.1] AndroidManifest.xml:43:13-45:29
195                <action android:name="androidx.profileinstaller.action.SKIP_FILE" />
195-->[androidx.profileinstaller:profileinstaller:1.3.1] AndroidManifest.xml:44:17-85
195-->[androidx.profileinstaller:profileinstaller:1.3.1] AndroidManifest.xml:44:25-82
196            </intent-filter>
197            <intent-filter>
197-->[androidx.profileinstaller:profileinstaller:1.3.1] AndroidManifest.xml:46:13-48:29
198                <action android:name="androidx.profileinstaller.action.SAVE_PROFILE" />
198-->[androidx.profileinstaller:profileinstaller:1.3.1] AndroidManifest.xml:47:17-88
198-->[androidx.profileinstaller:profileinstaller:1.3.1] AndroidManifest.xml:47:25-85
199            </intent-filter>
200            <intent-filter>
200-->[androidx.profileinstaller:profileinstaller:1.3.1] AndroidManifest.xml:49:13-51:29
201                <action android:name="androidx.profileinstaller.action.BENCHMARK_OPERATION" />
201-->[androidx.profileinstaller:profileinstaller:1.3.1] AndroidManifest.xml:50:17-95
201-->[androidx.profileinstaller:profileinstaller:1.3.1] AndroidManifest.xml:50:25-92
202            </intent-filter>
203        </receiver>
204    </application>
205
206</manifest>